2024-09-01T11:04:25.938Z [info]: GET /api/v1/cliente/fafb8b2a-d1eb-485c-a18d-3a331359a654
2024-09-01T11:06:07.233Z [info]: GET /api/v1/cliente/fafb8b2a-d1eb-485c-a18d-3a331359a654
2024-09-01T11:06:07.524Z [info]: GET /
2024-09-01T11:06:08.851Z [info]: GET /logs
2024-09-01T11:06:10.898Z [info]: GET /logs
2024-09-01T11:10:54.038Z [info]: GET /logs
2024-09-01T11:28:22.689Z [info]: GET /logs
2024-09-01T11:34:05.069Z [info]: GET /logs
2024-09-01T11:34:12.032Z [info]: GET /logs
2024-09-01T11:34:21.208Z [info]: GET /logs
2024-09-01T11:38:42.516Z [info]: GET /logs
2024-09-01T11:41:31.437Z [info]: GET /logs
2024-09-01T11:42:41.944Z [info]: GET /logs
2024-09-01T11:43:14.254Z [info]: GET /logs
2024-09-01T22:07:28.072Z [info]: GET /
2024-09-01T22:07:28.370Z [info]: GET /favicon.ico
2024-09-01T22:07:29.911Z [info]: GET /api/v1/cliente/fafb8b2a-d1eb-485c-a18d-3a331359a654
2024-09-01T22:07:36.158Z [info]: GET /api/v1/logs
2024-09-01T22:07:42.321Z [info]: GET /
2024-09-01T22:07:43.634Z [info]: GET /logs
2024-09-01T22:07:53.871Z [info]: GET /logs
2024-09-01T22:09:02.402Z [info]: GET /logs
2024-09-01T22:09:10.057Z [info]: GET /logs
2024-09-01T22:09:11.015Z [info]: GET /logs
2024-09-01T22:09:11.555Z [info]: GET /logs
2024-09-01T22:09:37.560Z [info]: GET /logs
2024-09-01T22:09:54.638Z [info]: GET /logs
2024-09-01T22:09:56.002Z [info]: GET /logs
2024-09-01T22:10:18.350Z [info]: GET /logs
2024-09-01T22:10:19.202Z [info]: GET /logs
2024-09-01T22:10:57.410Z [info]: GET /logs
2024-09-01T22:18:10.518Z [info]: GET /
2024-09-01T22:18:22.407Z [info]: GET /logs
2024-09-01T22:18:29.297Z [info]: GET /
2024-09-01T22:18:29.895Z [info]: GET /
2024-09-01T22:18:30.177Z [info]: GET /
2024-09-01T22:19:03.225Z [info]: GET /logs
2024-09-01T22:19:07.835Z [info]: GET /
2024-09-01T22:19:08.373Z [info]: GET /
2024-09-01T22:19:20.950Z [info]: GET /api/v1/posts
2024-09-01T22:19:43.702Z [info]: GET /
2024-09-01T22:19:44.322Z [info]: GET /
2024-09-01T22:19:55.099Z [info]: GET /
2024-09-01T22:19:55.811Z [info]: GET /api/v1/cliente/fafb8b2a-d1eb-485c-a18d-3a331359a654
2024-09-01T22:20:14.486Z [info]: GET /api/v1/cliente/fafb8b2a-d1eb-485c-a18d-3a331359a654
2024-09-01T22:20:23.122Z [info]: GET /api/v1/cliente/fafb8b2a-d1eb-485c-a18d-3a331359a654
2024-09-01T22:20:24.261Z [info]: GET /api/v1/cliente/fafb8b2a-d1eb-485c-a18d-3a331359a654
2024-09-01T22:20:24.370Z [info]: GET /api/v1/cliente
2024-09-01T22:21:22.357Z [info]: GET /logs
2024-09-01T22:21:28.877Z [info]: GET /logs
2024-09-01T22:21:32.111Z [info]: GET /
2024-09-01T22:21:37.989Z [info]: GET /logs
2024-09-01T22:21:40.647Z [info]: GET /
2024-09-01T22:21:44.275Z [info]: GET /api/v1/cliente
2024-09-01T22:21:58.195Z [info]: GET /api/v1/cliente/fafb8b2a-d1eb-485c-a18d-3a331359a654
2024-09-01T22:26:34.076Z [info]: GET /api/v1/cliente/fafb8b2a-d1eb-485c-a18d-3a331359a654
2024-09-01T22:26:34.992Z [info]: GET /api/v1/produto/ba
2024-09-01T22:26:37.508Z [info]: GET /api/v1/produto
2024-09-01T22:26:38.647Z [info]: GET /api/v1/produto/ba
2024-09-01T22:26:48.653Z [info]: GET /api/v1/produto/ba
2024-09-01T22:26:49.182Z [info]: GET /api/v1/produto/
2024-09-01T22:29:52.540Z [info]: GET /
2024-09-01T22:30:55.517Z [info]: GET /
2024-09-01T22:30:56.996Z [info]: GET /api/v1/produto/
2024-09-01T22:31:07.496Z [info]: GET /logs
2024-09-01T22:33:18.873Z [info]: GET /api/v1/auth/emirian.pinto/00017
2024-09-01T22:33:21.819Z [info]: GET /api/v1/categoria/A56CA66F-54DB-4953-88FE-47C8C7D653B3
2024-09-01T22:33:22.067Z [info]: GET /api/v1/produto/A56CA66F-54DB-4953-88FE-47C8C7D653B3
2024-09-01T22:33:22.159Z [info]: GET /api/v1/entidade/A56CA66F-54DB-4953-88FE-47C8C7D653B3
2024-09-01T22:33:29.056Z [info]: GET /api/v1/produto/A56CA66F-54DB-4953-88FE-47C8C7D653B3
2024-09-01T22:33:29.161Z [info]: GET /api/v1/categoria/A56CA66F-54DB-4953-88FE-47C8C7D653B3
2024-09-01T22:33:29.180Z [info]: GET /api/v1/entidade/A56CA66F-54DB-4953-88FE-47C8C7D653B3
2024-09-01T22:34:56.464Z [info]: POST /api/v1/venda
2024-09-01T22:35:52.093Z [info]: GET /api/v1/produto/A56CA66F-54DB-4953-88FE-47C8C7D653B3
2024-09-01T22:35:52.147Z [info]: GET /api/v1/categoria/A56CA66F-54DB-4953-88FE-47C8C7D653B3
2024-09-01T22:35:52.153Z [info]: GET /api/v1/entidade/A56CA66F-54DB-4953-88FE-47C8C7D653B3
2024-09-01T22:35:52.368Z [info]: GET /api/v1/categoria/A56CA66F-54DB-4953-88FE-47C8C7D653B3
2024-09-01T22:35:52.370Z [info]: GET /api/v1/entidade/A56CA66F-54DB-4953-88FE-47C8C7D653B3
2024-09-01T22:35:52.410Z [info]: GET /api/v1/produto/A56CA66F-54DB-4953-88FE-47C8C7D653B3
2024-09-01T22:39:32.516Z [info]: GET /api/v1/produto/
2024-09-03T17:05:06.577Z [info]: GET /api/v1/cliente/fafb8b2a-d1eb-485c-a18d-3a331359a654
2024-09-03T17:05:07.492Z [info]: GET /apple-touch-icon-precomposed.png
2024-09-03T17:05:07.516Z [info]: GET /apple-touch-icon.png
2024-09-03T17:05:21.146Z [info]: GET /
2024-09-03T17:05:21.461Z [info]: GET /
2024-09-03T17:05:23.630Z [info]: GET /logs
2024-09-03T17:07:56.079Z [info]: GET /api/v1/cliente/fafb8b2a-d1eb-485c-a18d-3a331359a654
2024-09-03T17:31:28.685Z [info]: GET /api/v1/cliente/fafb8b2a-d1eb-485c-a18d-3a331359a654
2024-09-03T17:33:08.931Z [info]: GET /logs
insert into `log` (`level`, `message`, `time_stamps`) values ('info', 'GET /api/v1/cliente/fafb8b2a-d1eb-485c-a18d-3a331359a654', '2024-09-03T17:36:54.267Z')
insert into `log` (`level`, `message`, `time_stamps`) values ('info', 'GET /api/v1/cliente/fafb8b2a-d1eb-485c-a18d-3a331359a654', '2024-09-03T17:39:08.474Z')
2024-09-03T17:44:15.946Z [info]: GET /
2024-09-03T17:45:49.042Z [info]: GET /
2024-09-03T18:16:00.328Z [info]: GET /api/v1/auth/emirian.pinto/00017
2024-09-03T18:16:03.024Z [info]: GET /api/v1/produto/A56CA66F-54DB-4953-88FE-47C8C7D653B3
2024-09-03T18:16:03.030Z [info]: GET /api/v1/categoria/A56CA66F-54DB-4953-88FE-47C8C7D653B3
2024-09-03T18:16:03.042Z [info]: GET /api/v1/entidade/A56CA66F-54DB-4953-88FE-47C8C7D653B3
2024-09-03T18:16:03.135Z [info]: GET /api/v1/produto/A56CA66F-54DB-4953-88FE-47C8C7D653B3
2024-09-03T18:16:03.146Z [info]: GET /api/v1/categoria/A56CA66F-54DB-4953-88FE-47C8C7D653B3
2024-09-03T18:16:03.149Z [info]: GET /api/v1/entidade/A56CA66F-54DB-4953-88FE-47C8C7D653B3
2024-09-03T18:16:05.753Z [info]: POST /api/v1/venda
2024-09-03T18:18:13.309Z [info]: GET /api/v1/produto/A56CA66F-54DB-4953-88FE-47C8C7D653B3
2024-09-03T18:18:13.341Z [info]: GET /api/v1/categoria/A56CA66F-54DB-4953-88FE-47C8C7D653B3
2024-09-03T18:18:13.344Z [info]: GET /api/v1/entidade/A56CA66F-54DB-4953-88FE-47C8C7D653B3
2024-09-03T18:18:13.533Z [info]: GET /api/v1/categoria/A56CA66F-54DB-4953-88FE-47C8C7D653B3
2024-09-03T18:18:13.550Z [info]: GET /api/v1/produto/A56CA66F-54DB-4953-88FE-47C8C7D653B3
2024-09-03T18:18:13.553Z [info]: GET /api/v1/entidade/A56CA66F-54DB-4953-88FE-47C8C7D653B3
2024-09-03T18:18:15.440Z [info]: POST /api/v1/venda
2024-09-03T18:21:14.593Z [info]: GET /api/v1/auth/emirian.pinto/00017
2024-09-03T18:21:17.010Z [info]: GET /api/v1/produto/A56CA66F-54DB-4953-88FE-47C8C7D653B3
2024-09-03T18:21:17.013Z [info]: GET /api/v1/categoria/A56CA66F-54DB-4953-88FE-47C8C7D653B3
2024-09-03T18:21:17.019Z [info]: GET /api/v1/entidade/A56CA66F-54DB-4953-88FE-47C8C7D653B3
2024-09-03T18:21:17.060Z [info]: GET /api/v1/produto/A56CA66F-54DB-4953-88FE-47C8C7D653B3
2024-09-03T18:21:17.089Z [info]: GET /api/v1/categoria/A56CA66F-54DB-4953-88FE-47C8C7D653B3
2024-09-03T18:21:17.160Z [info]: GET /api/v1/entidade/A56CA66F-54DB-4953-88FE-47C8C7D653B3
2024-09-03T18:21:25.259Z [info]: POST /api/v1/venda
2024-09-03T18:22:43.750Z [info]: POST /api/v1/venda/
2024-09-03T18:39:33.649Z [info]: POST /api/v1/venda/
2024-09-03T18:41:25.391Z [info]: POST /api/v1/venda/
2024-09-03T18:41:33.893Z [info]: GET /api/v1/produto/A56CA66F-54DB-4953-88FE-47C8C7D653B3
2024-09-03T18:41:33.910Z [info]: GET /api/v1/categoria/A56CA66F-54DB-4953-88FE-47C8C7D653B3
2024-09-03T18:41:33.915Z [info]: GET /api/v1/entidade/A56CA66F-54DB-4953-88FE-47C8C7D653B3
2024-09-03T18:41:33.993Z [info]: GET /api/v1/categoria/A56CA66F-54DB-4953-88FE-47C8C7D653B3
2024-09-03T18:41:33.995Z [info]: GET /api/v1/produto/A56CA66F-54DB-4953-88FE-47C8C7D653B3
2024-09-03T18:41:34.001Z [info]: GET /api/v1/entidade/A56CA66F-54DB-4953-88FE-47C8C7D653B3
2024-09-03T18:41:36.397Z [info]: POST /api/v1/venda
2024-09-03T18:54:57.322Z [info]: POST /api/v1/venda/
2024-09-03T19:02:45.313Z [info]: POST /api/v1/venda/
2024-09-03T19:04:07.780Z [info]: POST /api/v1/venda/
2024-09-03T19:04:33.730Z [info]: POST /api/v1/venda/
2024-09-03T19:04:55.649Z [info]: POST /api/v1/venda/
2024-09-03T19:06:01.506Z [info]: POST /api/v1/venda/
2024-09-03T19:06:34.595Z [info]: GET /api/v1/auth/emirian.pinto/0001
2024-09-03T19:06:45.088Z [info]: GET /api/v1/auth/emirian.pinto/00017
2024-09-03T19:06:47.511Z [info]: GET /api/v1/produto/A56CA66F-54DB-4953-88FE-47C8C7D653B3
2024-09-03T19:06:47.515Z [info]: GET /api/v1/categoria/A56CA66F-54DB-4953-88FE-47C8C7D653B3
2024-09-03T19:06:47.561Z [info]: GET /api/v1/entidade/A56CA66F-54DB-4953-88FE-47C8C7D653B3
2024-09-03T19:06:47.611Z [info]: GET /api/v1/categoria/A56CA66F-54DB-4953-88FE-47C8C7D653B3
2024-09-03T19:06:47.676Z [info]: GET /api/v1/produto/A56CA66F-54DB-4953-88FE-47C8C7D653B3
2024-09-03T19:06:47.733Z [info]: GET /api/v1/entidade/A56CA66F-54DB-4953-88FE-47C8C7D653B3
2024-09-03T19:06:49.910Z [info]: POST /api/v1/venda
2024-09-03T19:06:51.382Z [info]: GET /api/v1/produto/A56CA66F-54DB-4953-88FE-47C8C7D653B3
2024-09-04T12:26:01.793Z [info]: GET /
2024-09-04T12:26:05.747Z [info]: GET /
2024-09-04T12:26:07.211Z [info]: GET /logs
2024-09-04T12:26:07.578Z [info]: GET /logs
2024-09-04T12:26:10.430Z [info]: GET /
2024-09-04T12:26:24.148Z [info]: GET /api/v1/cliente/
2024-09-04T12:27:12.985Z [info]: GET /api/v1/cliente/A56CA66F-54DB-4953-88FE-47C8C7D653B3
2024-09-04T12:27:39.648Z [info]: GET /api/v1/entidade/fafb8b2a-d1eb-485c-a18d-3a331359a654
2024-09-04T12:27:44.553Z [info]: GET /api/v1/auth/adalgisa/00022
2024-09-04T12:27:58.820Z [info]: GET /api/v1/auth/adalgisa/00022
2024-09-04T12:28:04.990Z [info]: GET /api/v1/produto/fafb8b2a-d1eb-485c-a18d-3a331359a654
2024-09-04T12:28:15.014Z [info]: GET /api/v1/produto/barcode/0009668
2024-09-04T12:28:26.970Z [info]: GET /api/v1/produto/barcode/0009668
2024-09-04T12:29:25.127Z [info]: GET /api/v1/auth/emirian.pinto/00017
2024-09-04T12:29:27.497Z [info]: GET /api/v1/produto/A56CA66F-54DB-4953-88FE-47C8C7D653B3
2024-09-04T12:29:27.501Z [info]: GET /api/v1/categoria/A56CA66F-54DB-4953-88FE-47C8C7D653B3
2024-09-04T12:29:27.514Z [info]: GET /api/v1/entidade/A56CA66F-54DB-4953-88FE-47C8C7D653B3
2024-09-04T12:29:27.561Z [info]: GET /api/v1/produto/A56CA66F-54DB-4953-88FE-47C8C7D653B3
2024-09-04T12:29:27.628Z [info]: GET /api/v1/categoria/A56CA66F-54DB-4953-88FE-47C8C7D653B3
2024-09-04T12:29:27.632Z [info]: GET /api/v1/entidade/A56CA66F-54DB-4953-88FE-47C8C7D653B3
2024-09-04T12:30:54.130Z [info]: POST /api/v1/cliente/
2024-09-04T12:32:00.103Z [info]: POST /api/v1/cliente/
2024-09-04T12:32:54.068Z [info]: POST /api/v1/cliente/
2024-09-04T12:35:32.468Z [info]: POST /api/v1/cliente/
2024-09-04T12:38:07.024Z [info]: POST /api/v1/cliente/
2024-09-04T12:38:47.785Z [info]: POST /api/v1/cliente/
2024-09-04T12:41:55.708Z [info]: POST /api/v1/cliente/
2024-09-04T12:42:31.857Z [info]: POST /api/v1/cliente/
2024-09-04T12:44:04.525Z [info]: POST /api/v1/cliente/
2024-09-04T12:44:57.548Z [info]: POST /api/v1/cliente/
2024-09-04T12:45:09.751Z [info]: POST /api/v1/cliente/
2024-09-04T12:45:54.705Z [info]: POST /api/v1/cliente/
2024-09-04T12:46:05.889Z [info]: POST /api/v1/cliente/
2024-09-04T15:13:38.265Z [info]: GET /api/v1/produto/A56CA66F-54DB-4953-88FE-47C8C7D653B3
2024-09-04T15:13:38.283Z [info]: GET /api/v1/categoria/A56CA66F-54DB-4953-88FE-47C8C7D653B3
2024-09-04T15:13:38.298Z [info]: GET /api/v1/entidade/A56CA66F-54DB-4953-88FE-47C8C7D653B3
2024-09-04T15:13:38.384Z [info]: GET /api/v1/entidade/A56CA66F-54DB-4953-88FE-47C8C7D653B3
2024-09-04T15:13:38.398Z [info]: GET /api/v1/categoria/A56CA66F-54DB-4953-88FE-47C8C7D653B3
2024-09-04T15:13:38.403Z [info]: GET /api/v1/produto/A56CA66F-54DB-4953-88FE-47C8C7D653B3
2024-09-04T15:14:08.544Z [info]: POST /api/v1/cliente/
2024-09-04T15:23:35.457Z [info]: POST /api/v1/cliente/
2024-09-04T15:24:09.710Z [info]: POST /api/v1/cliente/
2024-09-04T15:24:44.832Z [info]: POST /api/v1/cliente/
2024-09-04T15:25:45.963Z [info]: POST /api/v1/cliente/
2024-09-04T15:27:40.119Z [info]: POST /api/v1/cliente/
2024-09-04T15:38:45.620Z [info]: POST /api/v1/cliente/
2024-09-04T15:39:17.480Z [info]: POST /api/v1/cliente/
2024-09-04T15:39:40.084Z [info]: POST /api/v1/cliente/
2024-09-04T15:40:24.309Z [info]: GET /api/v1/produto/A56CA66F-54DB-4953-88FE-47C8C7D653B3
2024-09-04T15:40:24.313Z [info]: GET /api/v1/categoria/A56CA66F-54DB-4953-88FE-47C8C7D653B3
2024-09-04T15:40:24.316Z [info]: GET /api/v1/entidade/A56CA66F-54DB-4953-88FE-47C8C7D653B3
2024-09-04T15:40:26.574Z [info]: GET /api/v1/produto/categoria/04076833-c005-297b-2970-d6e25aaa8af2
2024-09-04T15:40:27.807Z [info]: GET /api/v1/produto/A56CA66F-54DB-4953-88FE-47C8C7D653B3
2024-09-04T15:40:27.810Z [info]: GET /api/v1/categoria/A56CA66F-54DB-4953-88FE-47C8C7D653B3
2024-09-04T15:40:27.813Z [info]: GET /api/v1/entidade/A56CA66F-54DB-4953-88FE-47C8C7D653B3
2024-09-04T16:59:35.592Z [info]: GET /
2024-09-04T16:59:37.849Z [info]: GET /
2024-09-04T16:59:38.939Z [info]: GET /
2024-09-04T17:00:24.587Z [info]: GET /
2024-09-04T17:01:57.576Z [info]: GET /
2024-09-04T17:02:13.331Z [info]: GET /
2024-09-04T17:03:47.022Z [info]: GET /
2024-09-04T17:03:47.993Z [info]: GET /logs
2024-09-04T17:05:12.497Z [info]: GET /api/v1/auth/emirian.pinto/00017
2024-09-04T17:05:16.143Z [info]: GET /api/v1/produto/A56CA66F-54DB-4953-88FE-47C8C7D653B3
2024-09-04T17:05:16.148Z [info]: GET /api/v1/categoria/A56CA66F-54DB-4953-88FE-47C8C7D653B3
2024-09-04T17:05:16.155Z [info]: GET /api/v1/entidade/A56CA66F-54DB-4953-88FE-47C8C7D653B3
2024-09-04T17:05:16.265Z [info]: GET /api/v1/produto/A56CA66F-54DB-4953-88FE-47C8C7D653B3
2024-09-04T17:05:16.280Z [info]: GET /api/v1/categoria/A56CA66F-54DB-4953-88FE-47C8C7D653B3
2024-09-04T17:05:16.289Z [info]: GET /api/v1/entidade/A56CA66F-54DB-4953-88FE-47C8C7D653B3
2024-09-04T17:05:22.532Z [info]: GET /api/v1/cliente/A56CA66F-54DB-4953-88FE-47C8C7D653B3
2024-09-04T17:05:32.879Z [info]: GET /api/v1/produto/A56CA66F-54DB-4953-88FE-47C8C7D653B3
2024-09-04T17:05:32.883Z [info]: GET /api/v1/categoria/A56CA66F-54DB-4953-88FE-47C8C7D653B3
2024-09-04T17:05:32.886Z [info]: GET /api/v1/entidade/A56CA66F-54DB-4953-88FE-47C8C7D653B3
2024-09-04T17:05:37.046Z [info]: GET /api/v1/cliente/A56CA66F-54DB-4953-88FE-47C8C7D653B3
2024-09-04T17:05:59.851Z [info]: GET /
2024-09-04T17:06:22.733Z [info]: GET /api/v1/produto/A56CA66F-54DB-4953-88FE-47C8C7D653B3
2024-09-04T17:06:22.738Z [info]: GET /api/v1/categoria/A56CA66F-54DB-4953-88FE-47C8C7D653B3
2024-09-04T17:06:22.743Z [info]: GET /api/v1/entidade/A56CA66F-54DB-4953-88FE-47C8C7D653B3
2024-09-04T17:06:22.784Z [info]: GET /api/v1/produto/A56CA66F-54DB-4953-88FE-47C8C7D653B3
2024-09-04T17:06:22.791Z [info]: GET /api/v1/entidade/A56CA66F-54DB-4953-88FE-47C8C7D653B3
2024-09-04T17:06:22.794Z [info]: GET /api/v1/categoria/A56CA66F-54DB-4953-88FE-47C8C7D653B3
2024-09-04T17:06:24.534Z [info]: GET /api/v1/cliente/A56CA66F-54DB-4953-88FE-47C8C7D653B3
2024-09-04T17:06:47.738Z [info]: GET /api/v1/cliente/A56CA66F-54DB-4953-88FE-47C8C7D653B3
2024-09-04T17:07:51.019Z [info]: GET /api/v1/cliente/A56CA66F-54DB-4953-88FE-47C8C7D653B3
2024-09-04T17:08:05.488Z [info]: GET /api/v1/cliente/A56CA66F-54DB-4953-88FE-47C8C7D653B3
2024-09-04T17:08:15.272Z [info]: GET /api/v1/cliente/A56CA66F-54DB-4953-88FE-47C8C7D653B3
2024-09-04T17:08:47.901Z [info]: GET /api/v1/cliente/A56CA66F-54DB-4953-88FE-47C8C7D653B3
2024-09-04T17:09:54.156Z [info]: GET /api/v1/produto/A56CA66F-54DB-4953-88FE-47C8C7D653B3
2024-09-04T17:09:54.172Z [info]: GET /api/v1/categoria/A56CA66F-54DB-4953-88FE-47C8C7D653B3
2024-09-04T17:09:54.175Z [info]: GET /api/v1/entidade/A56CA66F-54DB-4953-88FE-47C8C7D653B3
2024-09-04T17:09:54.231Z [info]: GET /api/v1/produto/A56CA66F-54DB-4953-88FE-47C8C7D653B3
2024-09-04T17:09:54.233Z [info]: GET /api/v1/categoria/A56CA66F-54DB-4953-88FE-47C8C7D653B3
2024-09-04T17:09:54.248Z [info]: GET /api/v1/entidade/A56CA66F-54DB-4953-88FE-47C8C7D653B3
2024-09-04T17:09:55.656Z [info]: GET /api/v1/cliente/A56CA66F-54DB-4953-88FE-47C8C7D653B3
2024-09-04T17:10:16.690Z [info]: POST /api/v1/cliente
2024-09-04T17:10:16.733Z [info]: GET /api/v1/cliente/A56CA66F-54DB-4953-88FE-47C8C7D653B3
2024-09-04T17:10:55.582Z [info]: POST /api/v1/cliente
2024-09-04T17:10:55.601Z [info]: GET /api/v1/cliente/A56CA66F-54DB-4953-88FE-47C8C7D653B3
2024-09-04T17:11:12.366Z [info]: POST /api/v1/cliente
2024-09-04T17:11:12.378Z [info]: GET /api/v1/cliente/A56CA66F-54DB-4953-88FE-47C8C7D653B3
2024-09-04T17:11:21.509Z [info]: POST /api/v1/cliente
2024-09-04T17:11:21.512Z [info]: GET /api/v1/cliente/A56CA66F-54DB-4953-88FE-47C8C7D653B3
2024-09-04T17:16:37.397Z [info]: GET /api/v1/produto/A56CA66F-54DB-4953-88FE-47C8C7D653B3
2024-09-04T17:16:37.414Z [info]: GET /api/v1/categoria/A56CA66F-54DB-4953-88FE-47C8C7D653B3
2024-09-04T17:16:37.423Z [info]: GET /api/v1/entidade/A56CA66F-54DB-4953-88FE-47C8C7D653B3
2024-09-04T17:16:37.500Z [info]: GET /api/v1/entidade/A56CA66F-54DB-4953-88FE-47C8C7D653B3
2024-09-04T17:16:37.519Z [info]: GET /api/v1/categoria/A56CA66F-54DB-4953-88FE-47C8C7D653B3
2024-09-04T17:16:37.589Z [info]: GET /api/v1/produto/A56CA66F-54DB-4953-88FE-47C8C7D653B3
2024-09-04T17:16:38.694Z [info]: GET /api/v1/cliente/A56CA66F-54DB-4953-88FE-47C8C7D653B3
2024-09-04T17:16:57.379Z [info]: POST /api/v1/cliente
2024-09-04T17:16:57.385Z [info]: GET /api/v1/cliente/A56CA66F-54DB-4953-88FE-47C8C7D653B3
2024-09-04T20:21:51.415Z [info]: POST /api/v1/venda/
2024-09-04T20:21:53.954Z [info]: POST /api/v1/venda/
2024-09-04T20:24:39.653Z [info]: POST /api/v1/venda/
2024-09-04T20:25:20.623Z [info]: POST /api/v1/venda/
2024-09-04T20:30:23.714Z [info]: POST /api/v1/venda/
2024-09-04T20:34:05.639Z [info]: POST /api/v1/venda/
2024-09-04T20:44:23.535Z [info]: GET /api/v1/auth/emirian.pinto/00017
2024-09-04T20:44:26.202Z [info]: GET /api/v1/produto/A56CA66F-54DB-4953-88FE-47C8C7D653B3
2024-09-04T20:44:26.207Z [info]: GET /api/v1/categoria/A56CA66F-54DB-4953-88FE-47C8C7D653B3
2024-09-04T20:44:26.212Z [info]: GET /api/v1/entidade/A56CA66F-54DB-4953-88FE-47C8C7D653B3
2024-09-04T20:44:26.276Z [info]: GET /api/v1/produto/A56CA66F-54DB-4953-88FE-47C8C7D653B3
2024-09-04T20:44:26.306Z [info]: GET /api/v1/categoria/A56CA66F-54DB-4953-88FE-47C8C7D653B3
2024-09-04T20:44:26.349Z [info]: GET /api/v1/entidade/A56CA66F-54DB-4953-88FE-47C8C7D653B3
2024-09-04T20:44:29.011Z [info]: POST /api/v1/venda
2024-09-04T20:44:31.193Z [info]: GET /api/v1/produto/A56CA66F-54DB-4953-88FE-47C8C7D653B3
2024-09-04T20:46:03.152Z [info]: GET /api/v1/produto/A56CA66F-54DB-4953-88FE-47C8C7D653B3
2024-09-04T20:46:03.185Z [info]: GET /api/v1/categoria/A56CA66F-54DB-4953-88FE-47C8C7D653B3
2024-09-04T20:46:03.189Z [info]: GET /api/v1/entidade/A56CA66F-54DB-4953-88FE-47C8C7D653B3
2024-09-04T20:46:03.380Z [info]: GET /api/v1/produto/A56CA66F-54DB-4953-88FE-47C8C7D653B3
2024-09-04T20:46:03.384Z [info]: GET /api/v1/entidade/A56CA66F-54DB-4953-88FE-47C8C7D653B3
2024-09-04T20:46:03.386Z [info]: GET /api/v1/categoria/A56CA66F-54DB-4953-88FE-47C8C7D653B3
2024-09-04T20:46:11.238Z [info]: POST /api/v1/venda
2024-09-04T20:47:01.681Z [info]: GET /api/v1/produto/A56CA66F-54DB-4953-88FE-47C8C7D653B3
2024-09-04T20:47:01.704Z [info]: GET /api/v1/categoria/A56CA66F-54DB-4953-88FE-47C8C7D653B3
2024-09-04T20:47:01.707Z [info]: GET /api/v1/entidade/A56CA66F-54DB-4953-88FE-47C8C7D653B3
2024-09-04T20:47:01.803Z [info]: GET /api/v1/categoria/A56CA66F-54DB-4953-88FE-47C8C7D653B3
2024-09-04T20:47:01.831Z [info]: GET /api/v1/produto/A56CA66F-54DB-4953-88FE-47C8C7D653B3
2024-09-04T20:47:01.834Z [info]: GET /api/v1/entidade/A56CA66F-54DB-4953-88FE-47C8C7D653B3
2024-09-04T20:47:04.246Z [info]: POST /api/v1/venda
2024-09-04T20:47:06.731Z [info]: GET /api/v1/produto/A56CA66F-54DB-4953-88FE-47C8C7D653B3
2024-09-04T20:52:53.424Z [info]: GET /api/v1/auth/emirian.pinto/00017
2024-09-04T20:52:57.627Z [info]: GET /api/v1/produto/A56CA66F-54DB-4953-88FE-47C8C7D653B3
2024-09-04T20:52:57.633Z [info]: GET /api/v1/categoria/A56CA66F-54DB-4953-88FE-47C8C7D653B3
2024-09-04T20:52:57.638Z [info]: GET /api/v1/entidade/A56CA66F-54DB-4953-88FE-47C8C7D653B3
2024-09-04T20:52:57.790Z [info]: GET /api/v1/produto/A56CA66F-54DB-4953-88FE-47C8C7D653B3
2024-09-04T20:52:57.807Z [info]: GET /api/v1/categoria/A56CA66F-54DB-4953-88FE-47C8C7D653B3
2024-09-04T20:52:57.812Z [info]: GET /api/v1/entidade/A56CA66F-54DB-4953-88FE-47C8C7D653B3
2024-09-04T20:53:07.289Z [info]: POST /api/v1/venda
2024-09-04T20:53:09.900Z [info]: GET /api/v1/produto/A56CA66F-54DB-4953-88FE-47C8C7D653B3
2024-09-04T20:54:35.869Z [info]: GET /api/v1/produto/A56CA66F-54DB-4953-88FE-47C8C7D653B3
2024-09-04T20:54:36.131Z [info]: GET /api/v1/categoria/A56CA66F-54DB-4953-88FE-47C8C7D653B3
2024-09-04T20:54:36.135Z [info]: GET /api/v1/entidade/A56CA66F-54DB-4953-88FE-47C8C7D653B3
2024-09-04T20:54:36.394Z [info]: GET /api/v1/produto/A56CA66F-54DB-4953-88FE-47C8C7D653B3
2024-09-04T20:54:36.442Z [info]: GET /api/v1/entidade/A56CA66F-54DB-4953-88FE-47C8C7D653B3
2024-09-04T20:54:36.487Z [info]: GET /api/v1/categoria/A56CA66F-54DB-4953-88FE-47C8C7D653B3
2024-09-04T20:54:38.855Z [info]: POST /api/v1/venda
2024-09-04T20:54:42.340Z [info]: GET /api/v1/produto/A56CA66F-54DB-4953-88FE-47C8C7D653B3
2024-09-04T20:56:18.587Z [info]: GET /api/v1/produto/A56CA66F-54DB-4953-88FE-47C8C7D653B3
2024-09-04T20:56:18.681Z [info]: GET /api/v1/categoria/A56CA66F-54DB-4953-88FE-47C8C7D653B3
2024-09-04T20:56:18.726Z [info]: GET /api/v1/entidade/A56CA66F-54DB-4953-88FE-47C8C7D653B3
2024-09-04T20:56:19.036Z [info]: GET /api/v1/produto/A56CA66F-54DB-4953-88FE-47C8C7D653B3
2024-09-04T20:56:19.043Z [info]: GET /api/v1/entidade/A56CA66F-54DB-4953-88FE-47C8C7D653B3
2024-09-04T20:56:19.045Z [info]: GET /api/v1/categoria/A56CA66F-54DB-4953-88FE-47C8C7D653B3
2024-09-04T20:56:20.871Z [info]: POST /api/v1/venda
2024-09-04T20:56:23.265Z [info]: GET /api/v1/produto/A56CA66F-54DB-4953-88FE-47C8C7D653B3
2024-09-05T22:24:10.304Z [info]: GET /api/v1/auth/emirian.pinto/00017
2024-09-05T22:24:12.940Z [info]: GET /api/v1/produto/A56CA66F-54DB-4953-88FE-47C8C7D653B3
2024-09-05T22:24:12.944Z [info]: GET /api/v1/categoria/A56CA66F-54DB-4953-88FE-47C8C7D653B3
2024-09-05T22:24:12.952Z [info]: GET /api/v1/entidade/A56CA66F-54DB-4953-88FE-47C8C7D653B3
2024-09-05T22:24:13.005Z [info]: GET /api/v1/produto/A56CA66F-54DB-4953-88FE-47C8C7D653B3
2024-09-05T22:24:13.010Z [info]: GET /api/v1/categoria/A56CA66F-54DB-4953-88FE-47C8C7D653B3
2024-09-05T22:24:13.012Z [info]: GET /api/v1/entidade/A56CA66F-54DB-4953-88FE-47C8C7D653B3
2024-09-05T22:24:17.616Z [info]: POST /api/v1/venda
2024-09-05T22:24:19.999Z [info]: GET /api/v1/produto/A56CA66F-54DB-4953-88FE-47C8C7D653B3
2024-09-05T22:25:04.929Z [info]: GET /
2024-09-22T17:15:38.618Z [info]: GET /api/v1/auth/emirian.pinto/00017
2024-09-22T17:15:41.131Z [info]: GET /api/v1/produto/A56CA66F-54DB-4953-88FE-47C8C7D653B3
2024-09-22T17:15:41.137Z [info]: GET /api/v1/categoria/A56CA66F-54DB-4953-88FE-47C8C7D653B3
2024-09-22T17:15:41.141Z [info]: GET /api/v1/entidade/A56CA66F-54DB-4953-88FE-47C8C7D653B3
2024-09-22T17:15:41.249Z [info]: GET /api/v1/categoria/A56CA66F-54DB-4953-88FE-47C8C7D653B3
2024-09-22T17:15:41.271Z [info]: GET /api/v1/entidade/A56CA66F-54DB-4953-88FE-47C8C7D653B3
2024-09-22T17:15:41.322Z [info]: GET /api/v1/produto/A56CA66F-54DB-4953-88FE-47C8C7D653B3
2024-09-22T17:15:54.245Z [info]: GET /api/v1/vendas/A56CA66F-54DB-4953-88FE-47C8C7D653B3
2024-09-22T17:15:58.457Z [info]: GET /api/v1/produto/A56CA66F-54DB-4953-88FE-47C8C7D653B3
2024-09-22T17:15:58.463Z [info]: GET /api/v1/categoria/A56CA66F-54DB-4953-88FE-47C8C7D653B3
2024-09-22T17:15:58.468Z [info]: GET /api/v1/entidade/A56CA66F-54DB-4953-88FE-47C8C7D653B3
2024-09-22T17:16:00.327Z [info]: GET /api/v1/produto/A56CA66F-54DB-4953-88FE-47C8C7D653B3
2024-09-22T17:16:00.332Z [info]: GET /api/v1/produto/A56CA66F-54DB-4953-88FE-47C8C7D653B3
2024-09-22T17:16:00.335Z [info]: GET /api/v1/categoria/A56CA66F-54DB-4953-88FE-47C8C7D653B3
2024-09-22T17:16:00.339Z [info]: GET /api/v1/entidade/A56CA66F-54DB-4953-88FE-47C8C7D653B3
2024-09-22T17:16:00.372Z [info]: GET /api/v1/entidade/A56CA66F-54DB-4953-88FE-47C8C7D653B3
2024-09-22T17:16:00.413Z [info]: GET /api/v1/categoria/A56CA66F-54DB-4953-88FE-47C8C7D653B3
2024-09-27T14:18:33.134Z [info]: GET /
2024-09-27T14:18:42.174Z [info]: GET /
2024-09-27T14:18:43.809Z [info]: GET /cliente
2024-09-27T14:19:08.987Z [info]: GET /api/v1/produto
2024-09-27T14:19:17.087Z [info]: GET /api/v1/cliente
2024-09-27T14:22:02.534Z [info]: GET /
2024-09-27T14:22:17.217Z [info]: GET /api/v1/produto
2024-09-27T14:24:35.504Z [info]: GET /api/v1/produto?entidadeId=fafb8b2a-d1eb-485c-a18d-3a331359a654
2024-09-27T14:25:35.347Z [info]: GET /api/v1/produto?barcode=0009668
2024-09-27T14:25:39.640Z [info]: GET /api/v1/produto?barcode=0009668
2024-09-27T14:27:57.798Z [info]: GET /
2024-09-27T14:28:33.327Z [info]: GET /
2024-09-27T14:28:35.322Z [info]: GET /logs
2024-09-27T14:28:41.599Z [info]: GET /
2024-09-27T14:28:50.474Z [info]: GET /logs
2024-09-27T14:49:45.593Z [info]: GET /
2024-09-27T14:49:50.743Z [info]: GET /api/v1/
2024-09-27T14:53:37.110Z [info]: GET /api/v1/produto
2024-09-27T14:54:07.090Z [info]: GET /
2024-09-27T14:54:21.007Z [info]: GET /api/v1/produto?barcode=0009668
2024-09-27T14:57:45.854Z [info]: GET /api/v1/produto
2024-09-27T14:57:45.859Z [info]: GET /api/v1/produto
2024-09-27T14:57:46.185Z [info]: GET /favicon.ico
2024-09-27T14:57:46.186Z [info]: GET /favicon.ico
2024-09-27T14:58:03.684Z [info]: GET /api/v1/produto
2024-09-27T14:58:03.691Z [info]: GET /api/v1/produto
2024-09-27T14:58:53.120Z [info]: GET /
2024-09-27T14:58:53.121Z [info]: GET /
2024-09-27T14:58:55.490Z [info]: GET /
2024-09-27T14:59:04.180Z [info]: GET /api/v1/produto?barcode=0009668
2024-09-27T15:00:31.857Z [info]: GET /api/v1/produto
2024-09-27T15:00:31.858Z [info]: GET /api/v1/produto
2024-09-27T15:00:33.625Z [info]: GET /api/users/
2024-09-27T15:00:33.626Z [info]: GET /api/users/
2024-09-27T15:00:33.944Z [info]: GET /
2024-09-27T15:00:33.945Z [info]: GET /
2024-09-27T15:00:34.500Z [info]: GET /logs
2024-09-27T15:00:34.501Z [info]: GET /logs
2024-09-27T15:00:46.840Z [info]: GET /api/v1/
2024-09-27T15:00:52.889Z [info]: GET /
2024-09-27T15:00:52.890Z [info]: GET /
2024-09-27T15:01:25.448Z [info]: GET /api/v1/produto
2024-09-27T15:55:02.217Z [info]: GET /
2024-09-27T15:55:02.226Z [info]: GET /
2024-09-27T15:55:04.416Z [info]: GET /
2024-09-27T15:55:04.417Z [info]: GET /
2024-09-27T15:55:06.029Z [info]: GET /api/users/
2024-09-27T15:55:06.030Z [info]: GET /api/users/
2024-09-27T15:55:11.051Z [info]: GET /api/v1/cliente/fafb8b2a-d1eb-485c-a18d-3a331359a654
2024-09-27T15:55:11.052Z [info]: GET /api/v1/cliente/fafb8b2a-d1eb-485c-a18d-3a331359a654
2024-09-27T15:55:56.234Z [info]: GET /api/v1/cliente?entidadeID=A56CA66F-54DB-4953-88FE-47C8C7D653B3
2024-09-27T15:55:56.235Z [info]: GET /api/v1/cliente?entidadeID=A56CA66F-54DB-4953-88FE-47C8C7D653B3
2024-09-27T15:56:29.342Z [info]: GET /api/v1/cliente?entidadeID=A56CA66F-54DB-4953-88FE-47C8C7D653B3
2024-09-27T15:56:29.344Z [info]: GET /api/v1/cliente?entidadeID=A56CA66F-54DB-4953-88FE-47C8C7D653B3
2024-09-27T15:58:26.442Z [info]: GET /api/v1/produto?entidadeId=fafb8b2a-d1eb-485c-a18d-3a331359a654
2024-09-27T15:58:26.457Z [info]: GET /api/v1/produto?entidadeId=fafb8b2a-d1eb-485c-a18d-3a331359a654
2024-09-27T15:58:57.629Z [info]: GET /api/v1/produto?barcode=0009668
2024-09-27T15:58:57.643Z [info]: GET /api/v1/produto?barcode=0009668
2024-09-27T15:59:13.399Z [info]: GET /api/v1/produto?barcode=0009668
2024-09-27T15:59:13.417Z [info]: GET /api/v1/produto?barcode=0009668
2024-09-27T15:59:40.543Z [info]: GET /api/v1/produto?entidadeId=fafb8b2a-d1eb-485c-a18d-3a331359a654
2024-09-27T15:59:40.546Z [info]: GET /api/v1/produto?entidadeId=fafb8b2a-d1eb-485c-a18d-3a331359a654
2024-09-27T16:00:11.781Z [info]: GET /api/v1/produto?entidadeID=fafb8b2a-d1eb-485c-a18d-3a331359a654
2024-09-27T16:00:11.791Z [info]: GET /api/v1/produto?entidadeID=fafb8b2a-d1eb-485c-a18d-3a331359a654
2024-09-27T16:00:16.234Z [info]: GET /api/v1/produto/barcode?barcode=0009668
2024-09-27T16:00:16.235Z [info]: GET /api/v1/produto/barcode?barcode=0009668
2024-09-27T16:00:23.773Z [info]: GET /api/v1/produto/barcode?barcode=0009668
2024-09-27T16:00:23.774Z [info]: GET /api/v1/produto/barcode?barcode=0009668
2024-09-27T16:00:35.644Z [info]: GET /api/v1/produto/barcode?barcode=0009668
2024-09-27T16:00:35.654Z [info]: GET /api/v1/produto/barcode?barcode=0009668
2024-09-27T16:01:02.576Z [info]: GET /api/v1/produto/barcode?barcode=0009668
2024-09-27T16:01:02.581Z [info]: GET /api/v1/produto/barcode?barcode=0009668
2024-09-27T16:01:12.453Z [info]: GET /api/v1/produto/barcode?barcode=0009668
2024-09-27T16:01:12.454Z [info]: GET /api/v1/produto/barcode?barcode=0009668
2024-09-27T16:01:20.177Z [info]: GET /
2024-09-27T16:01:20.178Z [info]: GET /
2024-09-27T16:01:21.783Z [info]: GET /logs
2024-09-27T16:01:21.784Z [info]: GET /logs
2024-09-27T16:02:13.596Z [info]: GET /api/v1/categoria
2024-09-27T16:02:13.602Z [info]: GET /api/v1/categoria
2024-09-27T16:02:20.650Z [info]: GET /api/v1/categoria/A56CA66F-54DB-4953-88FE-47C8C7D653B3
2024-09-27T16:02:20.651Z [info]: GET /api/v1/categoria/A56CA66F-54DB-4953-88FE-47C8C7D653B3
2024-09-27T16:02:49.990Z [info]: GET /api/v1/produto/categoria?categoriaID=A56CA66F-54DB-4953-88FE-47C8C7D653B3
2024-09-27T16:02:49.991Z [info]: GET /api/v1/produto/categoria?categoriaID=A56CA66F-54DB-4953-88FE-47C8C7D653B3
2024-09-27T16:03:01.231Z [info]: GET /api/v1/produto/categoria?categoriaID=A56CA66F-54DB-4953-88FE-47C8C7D653B3
2024-09-27T16:03:01.240Z [info]: GET /api/v1/produto/categoria?categoriaID=A56CA66F-54DB-4953-88FE-47C8C7D653B3
2024-09-27T16:03:03.212Z [info]: GET /api/v1/categoria/A56CA66F-54DB-4953-88FE-47C8C7D653B3
2024-09-27T16:03:03.213Z [info]: GET /api/v1/categoria/A56CA66F-54DB-4953-88FE-47C8C7D653B3
2024-09-27T16:03:18.122Z [info]: GET /api/v1/produto/categoria?categoriaID=04076833-c005-297b-2970-d6e25aaa8af2
2024-09-27T16:03:18.123Z [info]: GET /api/v1/produto/categoria?categoriaID=04076833-c005-297b-2970-d6e25aaa8af2
2024-09-27T16:03:25.218Z [info]: GET /api/v1/produto/categoria?categoriaID=04076833-c005-297b-2970-d6e25aaa8af2
2024-09-27T16:03:25.219Z [info]: GET /api/v1/produto/categoria?categoriaID=04076833-c005-297b-2970-d6e25aaa8af2
2024-09-27T16:03:36.485Z [info]: GET /api/v1/categoria/A56CA66F-54DB-4953-88FE-47C8C7D653B3
2024-09-27T16:03:36.486Z [info]: GET /api/v1/categoria/A56CA66F-54DB-4953-88FE-47C8C7D653B3
2024-09-27T16:06:03.403Z [info]: GET /api/v1/entidade?id=fafb8b2a-d1eb-485c-a18d-3a331359a654
2024-09-27T16:06:03.410Z [info]: GET /api/v1/entidade?id=fafb8b2a-d1eb-485c-a18d-3a331359a654
2024-09-27T16:06:13.221Z [info]: GET /api/v1/entidade?id=fafb8b2a-d1eb-485c-a18d-3a331359a654
2024-09-27T16:06:13.229Z [info]: GET /api/v1/entidade?id=fafb8b2a-d1eb-485c-a18d-3a331359a654
2024-09-27T16:06:28.933Z [info]: GET /logs
2024-09-27T16:06:28.934Z [info]: GET /logs
2024-09-27T16:06:34.850Z [info]: GET /api/v1/cliente?entidadeID=A56CA66F-54DB-4953-88FE-47C8C7D653B3
2024-09-27T16:06:34.851Z [info]: GET /api/v1/cliente?entidadeID=A56CA66F-54DB-4953-88FE-47C8C7D653B3
2024-09-27T16:27:33.077Z [info]: POST /api/v1/cliente/
2024-09-27T16:27:33.166Z [info]: POST /api/v1/cliente/
2024-09-27T16:39:39.792Z [info]: POST /api/v1/cliente/
2024-09-27T16:39:39.794Z [info]: POST /api/v1/cliente/
2024-09-27T16:40:23.133Z [info]: GET /api/v1/entidade?id=afb8b2a-d1eb-485c-a18d-3a331359a654
2024-09-27T16:40:23.134Z [info]: GET /api/v1/entidade?id=afb8b2a-d1eb-485c-a18d-3a331359a654
2024-09-27T16:40:29.825Z [info]: GET /api/v1/entidade?id=afb8b2a-d1eb-485c-a18d-3a331359a654
2024-09-27T16:40:29.826Z [info]: GET /api/v1/entidade?id=afb8b2a-d1eb-485c-a18d-3a331359a654
2024-09-27T16:40:39.344Z [info]: GET /api/v1/entidade?id=fafb8b2a-d1eb-485c-a18d-3a331359a654
2024-09-27T16:40:39.346Z [info]: GET /api/v1/entidade?id=fafb8b2a-d1eb-485c-a18d-3a331359a654
2024-09-27T16:41:03.118Z [info]: POST /api/v1/cliente/
2024-09-27T16:41:03.119Z [info]: POST /api/v1/cliente/
2024-09-27T16:43:20.967Z [info]: POST /api/v1/cliente/
2024-09-27T16:43:21.048Z [info]: POST /api/v1/cliente/
2024-09-27T16:44:09.329Z [info]: POST /api/v1/cliente/
2024-09-27T16:44:09.358Z [info]: POST /api/v1/cliente/
2024-09-27T16:48:19.761Z [info]: POST /api/v1/cliente/
2024-09-27T16:48:19.763Z [info]: POST /api/v1/cliente/
2024-09-27T16:49:37.359Z [info]: POST /api/v1/cliente/
2024-09-27T16:49:37.360Z [info]: POST /api/v1/cliente/
2024-09-27T16:51:36.463Z [info]: POST /api/v1/cliente/
2024-09-27T16:51:36.464Z [info]: POST /api/v1/cliente/
2024-09-27T16:52:33.185Z [info]: POST /api/v1/cliente/
2024-09-27T16:52:33.186Z [info]: POST /api/v1/cliente/
2024-09-27T16:54:43.706Z [info]: POST /api/v1/cliente/
2024-09-27T16:54:43.707Z [info]: POST /api/v1/cliente/
2024-09-27T16:55:23.474Z [info]: POST /api/v1/cliente/
2024-09-27T16:55:23.475Z [info]: POST /api/v1/cliente/
2024-09-27T16:57:39.929Z [info]: POST /api/v1/cliente/
2024-09-27T16:57:39.961Z [info]: POST /api/v1/cliente/
2024-09-27T16:57:55.267Z [info]: POST /api/v1/cliente/
2024-09-27T16:57:55.293Z [info]: POST /api/v1/cliente/
2024-09-27T16:58:40.798Z [info]: POST /api/v1/cliente/
2024-09-27T16:58:40.851Z [info]: POST /api/v1/cliente/
2024-09-27T16:59:00.233Z [info]: POST /api/v1/cliente/
2024-09-27T16:59:00.312Z [info]: POST /api/v1/cliente/
2024-09-28T13:05:58.200Z [info]: GET /api/v1/auth?username=adalgisa&password=00022
2024-09-28T13:05:58.207Z [info]: GET /api/v1/auth?username=adalgisa&password=00022
2024-09-28T13:07:40.965Z [info]: GET /api/v1/auth?username=adalgisa&password=00022
2024-09-28T13:07:40.994Z [info]: GET /api/v1/auth?username=adalgisa&password=00022
2024-09-28T13:09:59.931Z [info]: GET /api/v1/auth?username=emirian.pinto&password=00017
2024-09-28T13:09:59.932Z [info]: GET /api/v1/auth?username=emirian.pinto&password=00017
2024-09-28T13:11:28.529Z [info]: GET /api/v1/produto?entidadeID=fafb8b2a-d1eb-485c-a18d-3a331359a654
2024-09-28T13:11:28.530Z [info]: GET /api/v1/produto?entidadeID=fafb8b2a-d1eb-485c-a18d-3a331359a654
2024-09-28T13:11:41.457Z [info]: GET /api/v1/produto/barcode?barcode=0009668
2024-09-28T13:11:41.458Z [info]: GET /api/v1/produto/barcode?barcode=0009668
2024-09-28T13:12:03.674Z [info]: GET /api/v1/produto?entidadeID=fafb8b2a-d1eb-485c-a18d-3a331359a654
2024-09-28T13:12:03.674Z [info]: GET /api/v1/produto?entidadeID=fafb8b2a-d1eb-485c-a18d-3a331359a654
2024-09-28T13:12:07.527Z [info]: GET /api/v1/produto/barcode?barcode=0009668
2024-09-28T13:12:07.529Z [info]: GET /api/v1/produto/barcode?barcode=0009668
2024-09-28T13:12:13.374Z [info]: GET /api/v1/auth?username=emirian.pinto&password=00017
2024-09-28T13:12:13.374Z [info]: GET /api/v1/auth?username=emirian.pinto&password=00017
2024-09-28T13:25:03.114Z [info]: GET /api/v1/auth?username=emirian.pinto&password=00017
2024-09-28T13:25:03.273Z [info]: GET /api/v1/auth?username=emirian.pinto&password=00017
2024-10-01T10:33:57.246Z [info]: GET /
2024-10-01T10:33:57.263Z [info]: GET /
2024-10-01T10:33:58.871Z [info]: GET /
2024-10-01T10:33:58.872Z [info]: GET /
2024-10-01T17:07:47.506Z [info]: GET /
2024-10-01T17:07:47.511Z [info]: GET /
2024-10-01T17:07:47.778Z [info]: GET /apple-touch-icon-precomposed.png
2024-10-01T17:07:47.779Z [info]: GET /apple-touch-icon-precomposed.png
2024-10-01T17:07:47.789Z [info]: GET /apple-touch-icon.png
2024-10-01T17:07:47.791Z [info]: GET /apple-touch-icon.png
2024-10-01T17:07:53.173Z [info]: GET /
2024-10-01T17:07:53.174Z [info]: GET /
2024-10-01T17:07:54.153Z [info]: GET /api/v1/cliente?entidadeID=A56CA66F-54DB-4953-88FE-47C8C7D653B3
2024-10-01T17:07:54.153Z [info]: GET /api/v1/cliente?entidadeID=A56CA66F-54DB-4953-88FE-47C8C7D653B3
